<settings>

    <profiles>

        <!-- DEFAULT PROFILE -->
        <profile>
            <id>test</id>
            <!--Enable snapshots for the built in central repo to direct -->
            <!--all requests to nexus via the mirror -->

            <repositories>
                <repository>
                    <id>central</id>
                    <url>http://central</url>
                    <releases><enabled>true</enabled></releases>
                    <snapshots><enabled>true</enabled></snapshots>
                </repository>
            </repositories>
            <pluginRepositories>
                <pluginRepository>
                    <id>central</id>
                    <url>http://central</url>
                    <releases><enabled>true</enabled></releases>
                    <snapshots><enabled>true</enabled></snapshots>
                </pluginRepository>
            </pluginRepositories>

            <properties>
            </properties>

        </profile>
    </profiles>

    <activeProfiles>
        <activeProfile>test</activeProfile>
    </activeProfiles>

<!--    <servers>-->
<!--        <server>-->
<!--            <id>nexus</id>-->
<!--            <username>admin</username>-->
<!--            <password>D0ckerR0cks$</password>-->
<!--        </server>-->
<!--    </servers>-->
</settings>
